Release 14.7 Map P.20131013 (nt64)
Xilinx Mapping Report File for Design 'SUPER_LICZNIK'

Design Information
------------------
Command Line   : map -intstyle ise -p xc3s500e-fg320-4 -cm area -ir off -pr off
-c 100 -o SUPER_LICZNIK_map.ncd SUPER_LICZNIK.ngd SUPER_LICZNIK.pcf 
Target Device  : xc3s500e
Target Package : fg320
Target Speed   : -4
Mapper Version : spartan3e -- $Revision: 1.55 $
Mapped Date    : Tue Dec 19 09:15:06 2023

Design Summary
--------------
Number of errors:      0
Number of warnings:    2
Logic Utilization:
  Total Number Slice Registers:         174 out of   9,312    1%
    Number used as Flip Flops:          173
    Number used as Latches:               1
  Number of 4 input LUTs:               220 out of   9,312    2%
Logic Distribution:
  Number of occupied Slices:            182 out of   4,656    3%
    Number of Slices containing only related logic:     182 out of     182 100%
    Number of Slices containing unrelated logic:          0 out of     182   0%
      *See NOTES below for an explanation of the effects of unrelated logic.
  Total Number of 4 input LUTs:         290 out of   9,312    3%
    Number used as logic:               220
    Number used as a route-thru:         70

  The Slice Logic Distribution report is not meaningful if the design is
  over-mapped for a non-slice resource or if Placement fails.

  Number of bonded IOBs:                 13 out of     232    5%
  Number of BUFGMUXs:                     2 out of      24    8%

Average Fanout of Non-Clock Nets:                2.68

Peak Memory Usage:  4405 MB
Total REAL time to MAP completion:  1 secs 
Total CPU time to MAP completion:   1 secs 

NOTES:

   Related logic is defined as being logic that shares connectivity - e.g. two
   LUTs are "related" if they share common inputs.  When assembling slices,
   Map gives priority to combine logic that is related.  Doing so results in
   the best timing performance.

   Unrelated logic shares no connectivity.  Map will only begin packing
   unrelated logic into a slice once 99% of the slices are occupied through
   related logic packing.

   Note that once logic distribution reaches the 99% level through related
   logic packing, this does not mean the device is completely utilized.
   Unrelated logic packing will then begin, continuing until all usable LUTs
   and FFs are occupied.  Depending on your timing budget, increased levels of
   unrelated logic packing may adversely affect the overall timing performance
   of your design.

Table of Contents
-----------------
Section 1 - Errors
Section 2 - Warnings
Section 3 - Informational
Section 4 - Removed Logic Summary
Section 5 - Removed Logic
Section 6 - IOB Properties
Section 7 - RPMs
Section 8 - Guide Report
Section 9 - Area Group and Partition Summary
Section 10 - Timing Report
Section 11 - Configuration String Information
Section 12 - Control Set Information
Section 13 - Utilization by Hierarchy

Section 1 - Errors
------------------

Section 2 - Warnings
--------------------
WARNING:Pack:1186 - One or more I/O components have conflicting property values.
    For each occurrence, the system will use the property value attached to the
   pad.  Otherwise, the system will use the first property value read.  To view
   each occurrence, create a detailed map report (run map using the -detail
   option).
WARNING:PhysDesignRules:372 - Gated clock. Clock net start_counting is sourced
   by a combinatorial pin. This is not good design practice. Use the CE pin to
   control the loading of data into the flip-flop.

Section 3 - Informational
-------------------------
INFO:LIT:243 - Logical network N28 has no load.
INFO:LIT:395 - The above info message is repeated 7 more times for the following
   (max. 5 shown):
   N29,
   N30,
   N31,
   port_szeregowy/XLXI_1/TxBusy,
   sterownik_wyswietlacza/XLXI_1/genIOBUF[0].instIOBUF/O
   To see the details of these info messages, please use the -detail switch.
INFO:MapLib:562 - No environment variables are currently set.
INFO:MapLib:159 - Net Timing constraints on signal CLK_50 are pushed forward
   through input buffer.
INFO:LIT:244 - All of the single ended outputs in this design are using slew
   rate limited output drivers. The delay on speed critical single ended outputs
   can be dramatically reduced by designating them as fast outputs.

Section 4 - Removed Logic Summary
---------------------------------
  13 block(s) removed
  76 block(s) optimized away
  24 signal(s) removed

Section 5 - Removed Logic
-------------------------

The trimmed logic report below shows the logic removed from your design due to
sourceless or loadless signals, and VCC or ground connections.  If the removal
of a signal or symbol results in the subsequent removal of an additional signal
or symbol, the message explaining that second removal will be indented.  This
indentation will be repeated as a chain of related logic is removed.

To quickly locate the original cause for the removal of a chain of logic, look
above the place where that logic is listed in the trimming report, then locate
the lines that are least indented (begin at the leftmost edge).

The signal "port_szeregowy/XLXI_1/TxBusy" is sourceless and has been removed.
The signal "port_szeregowy/XLXI_1/srTx_not0001" is sourceless and has been
removed.
The signal "port_szeregowy/XLXI_1/srTx_mux0000<0>" is sourceless and has been
removed.
The signal "port_szeregowy/XLXI_1/srTx_mux0000<1>" is sourceless and has been
removed.
The signal "port_szeregowy/XLXI_1/srTx_mux0000<2>" is sourceless and has been
removed.
The signal "port_szeregowy/XLXI_1/srTx_mux0000<3>" is sourceless and has been
removed.
The signal "port_szeregowy/XLXI_1/srTx_mux0000<4>" is sourceless and has been
removed.
The signal "port_szeregowy/XLXI_1/srTx_mux0000<5>" is sourceless and has been
removed.
The signal "port_szeregowy/XLXI_1/srTx_mux0000<6>" is sourceless and has been
removed.
The signal "port_szeregowy/XLXI_1/srTx_mux0000<7>" is sourceless and has been
removed.
The signal "port_szeregowy/XLXI_1/srTx_mux0000<8>" is sourceless and has been
removed.
The signal "port_szeregowy/XLXI_1/inTxDI_and0000" is sourceless and has been
removed.
The signal "port_szeregowy/XLXI_1/iTxBusy_or0000" is sourceless and has been
removed.
The signal "port_szeregowy/XLXI_1/ResTxStart/DInToggle" is sourceless and has
been removed.
 Sourceless block "port_szeregowy/XLXI_1/ResTxStart/DInToggle_not00011_INV_0"
(BUF) removed.
  The signal "port_szeregowy/XLXI_1/ResTxStart/DInToggle_not0001" is sourceless
and has been removed.
The signal "port_szeregowy/XLXI_1/ResTxBusy/qBusyExt" is sourceless and has been
removed.
 Sourceless block "port_szeregowy/XLXI_1/ResTxBusy/prevBusyExt" (FF) removed.
  The signal "port_szeregowy/XLXI_1/ResTxBusy/prevBusyExt" is sourceless and has
been removed.
   Sourceless block "port_szeregowy/XLXI_1/ResTxBusy/BusyExt_and00001" (ROM)
removed.
    The signal "port_szeregowy/XLXI_1/ResTxBusy/BusyExt_and0000" is sourceless and
has been removed.
     Sourceless block "port_szeregowy/XLXI_1/ResTxBusy/BusyExt" (SFF) removed.
The signal "port_szeregowy/XLXI_1/ResTxBusy/qBusyInt" is sourceless and has been
removed.
 Sourceless block "port_szeregowy/XLXI_1/ResTxBusy/qBusyExt" (FF) removed.
The signal "port_szeregowy/XLXI_1/iTxBusy_or0000_SW0/O" is sourceless and has
been removed.
The signal "port_szeregowy/XLXI_1/cntTx_or00001_SW0/O" is sourceless and has
been removed.
The signal "sterownik_wyswietlacza/XLXI_1/genIOBUF[0].instIOBUF/O" is sourceless
and has been removed.
The signal "sterownik_wyswietlacza/XLXI_1/genIOBUF[1].instIOBUF/O" is sourceless
and has been removed.
The signal "sterownik_wyswietlacza/XLXI_1/genIOBUF[2].instIOBUF/O" is sourceless
and has been removed.
Unused block "port_szeregowy/XLXI_1/ResTxBusy/qBusyInt" (FF) removed.
Unused block "port_szeregowy/XLXI_1/cntTx_or00001_SW0" (ROM) removed.
Unused block "port_szeregowy/XLXI_1/iTxBusy_or0000" (ROM) removed.
Unused block "port_szeregowy/XLXI_1/iTxBusy_or0000_SW0" (ROM) removed.
Unused block "port_szeregowy/XLXI_1/srTx_not00011" (ROM) removed.
Unused block "sterownik_wyswietlacza/XLXI_1/genIOBUF[0].instIOBUF/IBUF" (BUF)
removed.
Unused block "sterownik_wyswietlacza/XLXI_1/genIOBUF[1].instIOBUF/IBUF" (BUF)
removed.
Unused block "sterownik_wyswietlacza/XLXI_1/genIOBUF[2].instIOBUF/IBUF" (BUF)
removed.

Optimized Block(s):
TYPE 		BLOCK
GND 		XST_GND
VCC 		XST_VCC
FDE 		port_szeregowy/XLXI_1/ResTxStart/DInToggle
   optimized to 0
FD 		port_szeregowy/XLXI_1/ResTxStart/prevDIn
   optimized to 0
FD 		port_szeregowy/XLXI_1/ResTxStart/qDIn
   optimized to 0
GND 		port_szeregowy/XLXI_1/XST_GND
VCC 		port_szeregowy/XLXI_1/XST_VCC
LUT4 		port_szeregowy/XLXI_1/cntTx_or00001
   optimized to 1
FDRE 		port_szeregowy/XLXI_1/iTxBusy
   optimized to 0
LUT3 		port_szeregowy/XLXI_1/iTxBusy_and00001
   optimized to 0
INV 		port_szeregowy/XLXI_1/iTxBusy_inv1_INV_0
FDE 		port_szeregowy/XLXI_1/inTxDI_0
   optimized to 0
FDE 		port_szeregowy/XLXI_1/inTxDI_1
   optimized to 0
FDE 		port_szeregowy/XLXI_1/inTxDI_2
   optimized to 0
FDE 		port_szeregowy/XLXI_1/inTxDI_3
   optimized to 0
FDE 		port_szeregowy/XLXI_1/inTxDI_4
   optimized to 0
FDE 		port_szeregowy/XLXI_1/inTxDI_5
   optimized to 0
FDE 		port_szeregowy/XLXI_1/inTxDI_6
   optimized to 0
FDE 		port_szeregowy/XLXI_1/inTxDI_7
   optimized to 0
LUT2 		port_szeregowy/XLXI_1/inTxDI_and00001
   optimized to 0
FDE 		port_szeregowy/XLXI_1/srTx_0
   optimized to 1
FDE 		port_szeregowy/XLXI_1/srTx_1
   optimized to 1
FDE 		port_szeregowy/XLXI_1/srTx_2
   optimized to 1
FDE 		port_szeregowy/XLXI_1/srTx_3
   optimized to 1
FDE 		port_szeregowy/XLXI_1/srTx_4
   optimized to 1
FDE 		port_szeregowy/XLXI_1/srTx_5
   optimized to 1
FDE 		port_szeregowy/XLXI_1/srTx_6
   optimized to 1
FDE 		port_szeregowy/XLXI_1/srTx_7
   optimized to 1
FDE 		port_szeregowy/XLXI_1/srTx_8
   optimized to 1
LUT4 		port_szeregowy/XLXI_1/srTx_mux0000<0>1
   optimized to 1
LUT3 		port_szeregowy/XLXI_1/srTx_mux0000<1>1
   optimized to 1
LUT3 		port_szeregowy/XLXI_1/srTx_mux0000<2>1
   optimized to 1
LUT3 		port_szeregowy/XLXI_1/srTx_mux0000<3>1
   optimized to 1
LUT3 		port_szeregowy/XLXI_1/srTx_mux0000<4>1
   optimized to 1
LUT3 		port_szeregowy/XLXI_1/srTx_mux0000<5>1
   optimized to 1
LUT3 		port_szeregowy/XLXI_1/srTx_mux0000<6>1
   optimized to 1
LUT3 		port_szeregowy/XLXI_1/srTx_mux0000<7>1
   optimized to 1
LUT4 		port_szeregowy/XLXI_1/srTx_mux0000<8>1
   optimized to 1
LUT3 		sterownik_wyswietlacza/XLXI_1/Mmux_Blank_mux0000_5
   optimized to 1
LUT3 		sterownik_wyswietlacza/XLXI_1/Mmux_Blank_mux0000_6
   optimized to 1
LUT3 		sterownik_wyswietlacza/XLXI_1/Mmux_Blank_mux0000_61
   optimized to 1
LUT3 		sterownik_wyswietlacza/XLXI_1/Mmux_Blank_mux0000_62
   optimized to 1
LUT3 		sterownik_wyswietlacza/XLXI_1/Mmux_Blank_mux0000_7
   optimized to 1
LUT3 		sterownik_wyswietlacza/XLXI_1/Mmux_Blank_mux0000_71
   optimized to 1
LUT3 		sterownik_wyswietlacza/XLXI_1/Mmux_Blank_mux0000_72
   optimized to 1
LUT3 		sterownik_wyswietlacza/XLXI_1/Mmux_Blank_mux0000_8
   optimized to 0
LUT3 		sterownik_wyswietlacza/XLXI_1/Mmux_Digit_5
   optimized to 0
LUT3 		sterownik_wyswietlacza/XLXI_1/Mmux_Digit_51
   optimized to 0
LUT3 		sterownik_wyswietlacza/XLXI_1/Mmux_Digit_52
   optimized to 0
LUT3 		sterownik_wyswietlacza/XLXI_1/Mmux_Digit_53
   optimized to 0
LUT3 		sterownik_wyswietlacza/XLXI_1/Mmux_Digit_6
   optimized to 0
LUT3 		sterownik_wyswietlacza/XLXI_1/Mmux_Digit_61
   optimized to 0
LUT3 		sterownik_wyswietlacza/XLXI_1/Mmux_Digit_610
   optimized to 0
LUT3 		sterownik_wyswietlacza/XLXI_1/Mmux_Digit_611
   optimized to 0
LUT3 		sterownik_wyswietlacza/XLXI_1/Mmux_Digit_62
   optimized to 0
LUT3 		sterownik_wyswietlacza/XLXI_1/Mmux_Digit_63
   optimized to 0
LUT3 		sterownik_wyswietlacza/XLXI_1/Mmux_Digit_64
   optimized to 0
LUT3 		sterownik_wyswietlacza/XLXI_1/Mmux_Digit_65
   optimized to 0
LUT3 		sterownik_wyswietlacza/XLXI_1/Mmux_Digit_66
   optimized to 0
LUT3 		sterownik_wyswietlacza/XLXI_1/Mmux_Digit_67
   optimized to 0
LUT3 		sterownik_wyswietlacza/XLXI_1/Mmux_Digit_68
   optimized to 0
LUT3 		sterownik_wyswietlacza/XLXI_1/Mmux_Digit_69
   optimized to 0
LUT3 		sterownik_wyswietlacza/XLXI_1/Mmux_Digit_7
   optimized to 0
LUT3 		sterownik_wyswietlacza/XLXI_1/Mmux_Digit_71
   optimized to 0
LUT3 		sterownik_wyswietlacza/XLXI_1/Mmux_Digit_710
   optimized to 0
LUT3 		sterownik_wyswietlacza/XLXI_1/Mmux_Digit_711
   optimized to 0
LUT3 		sterownik_wyswietlacza/XLXI_1/Mmux_Digit_72
   optimized to 0
LUT3 		sterownik_wyswietlacza/XLXI_1/Mmux_Digit_73
   optimized to 0
LUT3 		sterownik_wyswietlacza/XLXI_1/Mmux_Digit_74
   optimized to 0
LUT3 		sterownik_wyswietlacza/XLXI_1/Mmux_Digit_75
   optimized to 0
LUT3 		sterownik_wyswietlacza/XLXI_1/Mmux_Digit_76
   optimized to 0
LUT3 		sterownik_wyswietlacza/XLXI_1/Mmux_Digit_77
   optimized to 0
LUT3 		sterownik_wyswietlacza/XLXI_1/Mmux_Digit_78
   optimized to 0
LUT3 		sterownik_wyswietlacza/XLXI_1/Mmux_Digit_79
   optimized to 0
GND 		sterownik_wyswietlacza/XLXI_1/XST_GND
VCC 		sterownik_wyswietlacza/XLXI_1/XST_VCC

To enable printing of redundant blocks removed and signals merged, set the
detailed map report option and rerun map.

Section 6 - IOB Properties
--------------------------

+---------------------------------------------------------------------------------------------------------------------------------------------------------+
| IOB Name                           | Type             | Direction | IO Standard          | Diff  | Drive    | Slew | Reg (s)      | Resistor | IOB      |
|                                    |                  |           |                      | Term  | Strength | Rate |              |          | Delay    |
+---------------------------------------------------------------------------------------------------------------------------------------------------------+
| CHANGE_DIR                         | IBUF             | INPUT     | LVTTL                |       |          |      |              | PULLDOWN | 0 / 0    |
| CLK_50                             | IBUF             | INPUT     | LVTTL                |       |          |      |              |          | 0 / 0    |
| RESET                              | IBUF             | INPUT     | LVTTL                |       |          |      |              | PULLDOWN | 0 / 0    |
| RS_RX                              | IBUF             | INPUT     | LVTTL                |       |          |      |              |          | 0 / 0    |
| RS_txd                             | IOB              | OUTPUT    | LVTTL                |       | 8        | SLOW |              |          | 0 / 0    |
| lcd_d<0>                           | IOB              | OUTPUT    | LVCMOS33             |       | 4        | SLOW |              |          | 0 / 0    |
| lcd_d<1>                           | IOB              | OUTPUT    | LVCMOS33             |       | 4        | SLOW |              |          | 0 / 0    |
| lcd_d<2>                           | IOB              | OUTPUT    | LVCMOS33             |       | 4        | SLOW |              |          | 0 / 0    |
| lcd_d<3>                           | IOB              | BIDIR     | LVCMOS33             |       | 4        | SLOW |              |          | 0 / 0    |
| lcd_e                              | IOB              | OUTPUT    | LVCMOS33             |       | 4        | SLOW |              |          | 0 / 0    |
| lcd_rs                             | IOB              | OUTPUT    | LVCMOS33             |       | 4        | SLOW |              |          | 0 / 0    |
| lcd_rw                             | IOB              | OUTPUT    | LVCMOS33             |       | 4        | SLOW |              |          | 0 / 0    |
| sf_ce                              | IOB              | OUTPUT    | LVCMOS33             |       | 4        | SLOW |              |          | 0 / 0    |
+---------------------------------------------------------------------------------------------------------------------------------------------------------+

Section 7 - RPMs
----------------

Section 8 - Guide Report
------------------------
Guide not run on this design.

Section 9 - Area Group and Partition Summary
--------------------------------------------

Partition Implementation Status
-------------------------------

  No Partitions were found in this design.

-------------------------------

Area Group Information
----------------------

  No area groups were found in this design.

----------------------

Section 10 - Timing Report
--------------------------
This design was not run using timing mode.

Section 11 - Configuration String Details
-----------------------------------------
Use the "-detail" map option to print out Configuration Strings

Section 12 - Control Set Information
------------------------------------
No control set information for this architecture.

Section 13 - Utilization by Hierarchy
-------------------------------------
Use the "-detail" map option to print out the Utilization by Hierarchy section.
